[2017-07-10 22:05:07 +0200] [7791] [INFO] Starting gunicorn 19.7.1
[2017-07-10 22:05:07 +0200] [7791] [INFO] Listening at: https://127.0.0.1:5002 (7791)
[2017-07-10 22:05:07 +0200] [7791] [INFO] Using worker: sync
[2017-07-10 22:05:07 +0200] [7794] [INFO] Booting worker with pid: 7794
[2017-07-10 22:11:50 +0200] [7794] [INFO] Worker exiting (pid: 7794)
[2017-07-10 22:11:50 +0200] [7791] [INFO] Handling signal: term
[2017-07-10 22:11:50 +0200] [7791] [INFO] Shutting down: Master
[2017-07-11 20:08:16 +0200] [1073] [INFO] Starting gunicorn 19.7.1
[2017-07-11 20:08:16 +0200] [1073] [INFO] Listening at: https://127.0.0.1:5002 (1073)
[2017-07-11 20:08:16 +0200] [1073] [INFO] Using worker: sync
[2017-07-11 20:08:16 +0200] [1268] [INFO] Booting worker with pid: 1268
[2017-07-11 21:12:09 +0200] [1268] [INFO] Worker exiting (pid: 1268)
[2017-07-11 21:12:09 +0200] [1073] [INFO] Handling signal: term
[2017-07-11 21:12:09 +0200] [1073] [INFO] Shutting down: Master
[2017-07-11 21:25:11 +0200] [1173] [INFO] Starting gunicorn 19.7.1
[2017-07-11 21:25:12 +0200] [1173] [INFO] Listening at: https://127.0.0.1:5002 (1173)
[2017-07-11 21:25:12 +0200] [1173] [INFO] Using worker: sync
[2017-07-11 21:25:12 +0200] [1223] [INFO] Booting worker with pid: 1223
[2017-07-11 22:05:27 +0200] [1223] [INFO] Worker exiting (pid: 1223)
[2017-07-11 22:05:27 +0200] [1173] [INFO] Handling signal: term
[2017-07-11 22:05:27 +0200] [1173] [INFO] Shutting down: Master
[2017-07-11 22:06:40 +0200] [1150] [INFO] Starting gunicorn 19.7.1
[2017-07-11 22:06:40 +0200] [1150] [INFO] Listening at: https://127.0.0.1:5002 (1150)
[2017-07-11 22:06:40 +0200] [1150] [INFO] Using worker: sync
[2017-07-11 22:06:40 +0200] [1278] [INFO] Booting worker with pid: 1278
[2017-07-11 22:17:42 +0200] [1150] [INFO] Handling signal: term
[2017-07-11 22:17:42 +0200] [1278] [INFO] Worker exiting (pid: 1278)
[2017-07-11 22:17:42 +0200] [1150] [INFO] Shutting down: Master
[2017-07-12 19:02:46 +0200] [1057] [INFO] Starting gunicorn 19.7.1
[2017-07-12 19:02:46 +0200] [1057] [INFO] Listening at: https://127.0.0.1:5002 (1057)
[2017-07-12 19:02:46 +0200] [1057] [INFO] Using worker: sync
[2017-07-12 19:02:46 +0200] [1254] [INFO] Booting worker with pid: 1254
[2017-07-12 19:43:03 +0200] [1254] [INFO] Worker exiting (pid: 1254)
[2017-07-12 19:43:03 +0200] [1057] [INFO] Handling signal: term
[2017-07-12 19:43:03 +0200] [1057] [INFO] Shutting down: Master
[2017-07-12 20:45:51 +0200] [1215] [INFO] Starting gunicorn 19.7.1
[2017-07-12 20:45:51 +0200] [1215] [INFO] Listening at: https://127.0.0.1:5002 (1215)
[2017-07-12 20:45:51 +0200] [1215] [INFO] Using worker: sync
[2017-07-12 20:45:51 +0200] [1306] [INFO] Booting worker with pid: 1306
[2017-07-12 20:48:30 +0200] [1306] [INFO] Worker exiting (pid: 1306)
[2017-07-12 20:48:30 +0200] [1215] [INFO] Handling signal: term
[2017-07-12 20:48:30 +0200] [1215] [INFO] Shutting down: Master
[2017-07-12 20:49:13 +0200] [1042] [INFO] Starting gunicorn 19.7.1
[2017-07-12 20:49:14 +0200] [1042] [INFO] Listening at: https://127.0.0.1:5002 (1042)
[2017-07-12 20:49:14 +0200] [1042] [INFO] Using worker: sync
[2017-07-12 20:49:14 +0200] [1288] [INFO] Booting worker with pid: 1288
[2017-07-12 21:07:53 +0200] [1288] [INFO] Worker exiting (pid: 1288)
[2017-07-12 21:07:53 +0200] [1042] [INFO] Handling signal: term
[2017-07-12 21:07:53 +0200] [1042] [INFO] Shutting down: Master
[2017-07-12 21:22:56 +0200] [1163] [INFO] Starting gunicorn 19.7.1
[2017-07-12 21:22:56 +0200] [1163] [INFO] Listening at: https://127.0.0.1:5002 (1163)
[2017-07-12 21:22:56 +0200] [1163] [INFO] Using worker: sync
[2017-07-12 21:22:56 +0200] [1237] [INFO] Booting worker with pid: 1237
[2017-07-12 21:26:42 +0200] [1237] [INFO] Worker exiting (pid: 1237)
[2017-07-12 21:26:42 +0200] [1163] [INFO] Handling signal: term
[2017-07-12 21:26:42 +0200] [1163] [INFO] Shutting down: Master
[2017-07-12 21:27:22 +0200] [1023] [INFO] Starting gunicorn 19.7.1
[2017-07-12 21:27:22 +0200] [1023] [INFO] Listening at: https://127.0.0.1:5002 (1023)
[2017-07-12 21:27:22 +0200] [1023] [INFO] Using worker: sync
[2017-07-12 21:27:22 +0200] [1272] [INFO] Booting worker with pid: 1272
[2017-07-12 22:17:17 +0200] [1272] [INFO] Worker exiting (pid: 1272)
[2017-07-12 22:17:17 +0200] [1023] [INFO] Handling signal: term
[2017-07-12 22:17:17 +0200] [1023] [INFO] Shutting down: Master
[2017-07-15 19:58:29 +0200] [1021] [INFO] Starting gunicorn 19.7.1
[2017-07-15 19:58:29 +0200] [1021] [INFO] Listening at: https://127.0.0.1:5002 (1021)
[2017-07-15 19:58:29 +0200] [1021] [INFO] Using worker: sync
[2017-07-15 19:58:29 +0200] [1252] [INFO] Booting worker with pid: 1252
[2017-07-15 22:17:45 +0200] [1252] [INFO] Worker exiting (pid: 1252)
[2017-07-15 22:17:45 +0200] [1021] [INFO] Handling signal: term
[2017-07-15 22:17:46 +0200] [1021] [INFO] Shutting down: Master
[2017-07-20 20:37:55 +0200] [1129] [INFO] Starting gunicorn 19.7.1
[2017-07-20 20:37:55 +0200] [1129] [INFO] Listening at: https://127.0.0.1:5002 (1129)
[2017-07-20 20:37:55 +0200] [1129] [INFO] Using worker: sync
[2017-07-20 20:37:55 +0200] [1246] [INFO] Booting worker with pid: 1246
[2017-07-20 20:56:26 +0200] [1246] [INFO] Alarm reported: DISTANCE
/usr/lib/python3/dist-packages/urllib3/connectionpool.py:794: InsecureRequestWarning: Unverified HTTPS request is being made. Adding certificate verification is strongly advised. See: https://urllib3.readthedocs.org/en/latest/security.html
  InsecureRequestWarning)
[2017-07-20 20:56:26 +0200] [1246] [INFO] Alarm removed: DISTANCE
[2017-07-20 20:56:27 +0200] [1246] [INFO] Alarm removed: DISTANCE
[2017-07-20 20:56:36 +0200] [1246] [INFO] Drive: 69:57
[2017-07-20 20:56:36 +0200] [1246] [INFO] Drive: 77:61
[2017-07-20 20:56:36 +0200] [1246] [INFO] Drive: 98:78
[2017-07-20 20:56:36 +0200] [1246] [INFO] Drive: 122:98
[2017-07-20 20:56:36 +0200] [1246] [INFO] Drive: 170:142
[2017-07-20 20:56:36 +0200] [1246] [INFO] Drive: 190:158
[2017-07-20 20:56:36 +0200] [1246] [INFO] Drive: 214:182
[2017-07-20 20:56:36 +0200] [1246] [INFO] Drive: 230:194
[2017-07-20 20:56:36 +0200] [1246] [INFO] Drive: 234:198
[2017-07-20 20:56:37 +0200] [1246] [INFO] Drive: 24:28
[2017-07-20 20:56:37 +0200] [1246] [INFO] Drive: 48:52
[2017-07-20 20:56:37 +0200] [1246] [INFO] Drive: 128:136
[2017-07-20 20:56:37 +0200] [1246] [INFO] Drive: 156:164
[2017-07-20 20:56:37 +0200] [1246] [INFO] Drive: 204:212
[2017-07-20 20:56:37 +0200] [1246] [INFO] Drive: 0:0
[2017-07-20 20:56:43 +0200] [1246] [INFO] Drive: 0:0
[2017-07-20 20:56:43 +0200] [1246] [INFO] Drive: 56:60
[2017-07-20 20:56:43 +0200] [1246] [INFO] Drive: 116:120
[2017-07-20 20:56:43 +0200] [1246] [INFO] Drive: 192:176
[2017-07-20 20:56:44 +0200] [1246] [INFO] Drive: 181:161
[2017-07-20 20:56:44 +0200] [1246] [INFO] Drive: 119:91
[2017-07-20 20:56:44 +0200] [1246] [INFO] Drive: 96:68
[2017-07-20 20:56:44 +0200] [1246] [INFO] Drive: 72:48
[2017-07-20 20:56:44 +0200] [1246] [INFO] Drive: 8:4
[2017-07-20 20:56:44 +0200] [1246] [INFO] Drive: 1:5
[2017-07-20 20:56:44 +0200] [1246] [INFO] Drive: 60:56
[2017-07-20 20:56:44 +0200] [1246] [INFO] Drive: 176:164
[2017-07-20 20:56:44 +0200] [1246] [INFO] Drive: 232:212
[2017-07-20 20:57:18 +0200] [1246] [INFO] Drive: 0:0
[2017-07-20 20:57:19 +0200] [1246] [INFO] Drive: 24:24
[2017-07-20 20:57:19 +0200] [1246] [INFO] Drive: 48:44
[2017-07-20 20:57:19 +0200] [1246] [INFO] Drive: 80:72
[2017-07-20 20:57:19 +0200] [1246] [INFO] Drive: 104:92
[2017-07-20 20:57:19 +0200] [1246] [INFO] Drive: 145:125
[2017-07-20 20:57:19 +0200] [1246] [INFO] Drive: 181:161
[2017-07-20 20:57:20 +0200] [1246] [INFO] Drive: 0:0
[2017-07-20 20:57:21 +0200] [1246] [INFO] Drive: 0:0
[2017-07-20 20:57:21 +0200] [1246] [INFO] Drive: 24:24
[2017-07-20 20:57:21 +0200] [1246] [INFO] Drive: 84:72
[2017-07-20 20:57:21 +0200] [1246] [INFO] Drive: 134:110
[2017-07-20 20:57:21 +0200] [1246] [INFO] Drive: 138:114
[2017-07-20 20:57:22 +0200] [1246] [INFO] Drive: 113:77
[2017-07-20 20:57:22 +0200] [1246] [INFO] Drive: 107:67
[2017-07-20 20:57:22 +0200] [1246] [INFO] Drive: 66:10
[2017-07-20 20:57:22 +0200] [1246] [INFO] Drive: 63:3
[2017-07-20 20:57:23 +0200] [1246] [INFO] Drive: 88:32
[2017-07-20 20:57:23 +0200] [1246] [INFO] Drive: 130:70
[2017-07-20 20:57:23 +0200] [1246] [INFO] Drive: 152:84
[2017-07-20 20:57:23 +0200] [1246] [INFO] Drive: 177:101
[2017-07-20 20:57:24 +0200] [1246] [INFO] Drive: 240:145
[2017-07-20 20:57:24 +0200] [1246] [INFO] Drive: 240:123
[2017-07-20 20:57:24 +0200] [1246] [INFO] Drive: 188:76
[2017-07-20 20:57:24 +0200] [1246] [INFO] Drive: 107:7
[2017-07-20 20:57:25 +0200] [1246] [INFO] Drive: 0:240
[2017-07-20 20:57:25 +0200] [1246] [INFO] Drive: 21:240
[2017-07-20 20:57:25 +0200] [1246] [INFO] Drive: 44:240
[2017-07-20 20:57:25 +0200] [1246] [INFO] Drive: 129:240
[2017-07-20 20:57:25 +0200] [1246] [INFO] Drive: 152:240
[2017-07-20 20:57:25 +0200] [1246] [INFO] Drive: 195:240
[2017-07-20 20:57:25 +0200] [1246] [INFO] Drive: 240:192
[2017-07-20 20:57:26 +0200] [1246] [INFO] Drive: 240:151
[2017-07-20 20:57:26 +0200] [1246] [INFO] Drive: 186:138
[2017-07-20 20:57:26 +0200] [1246] [INFO] Drive: 153:129
[2017-07-20 20:57:26 +0200] [1246] [INFO] Drive: 124:128
[2017-07-20 20:57:26 +0200] [1246] [INFO] Drive: 61:105
[2017-07-20 20:57:26 +0200] [1246] [INFO] Drive: 35:99
[2017-07-20 20:57:26 +0200] [1246] [INFO] Drive: 0:132
[2017-07-20 20:57:27 +0200] [1246] [INFO] Drive: 173:41
[2017-07-20 20:57:27 +0200] [1246] [INFO] Drive: 216:84
[2017-07-20 20:57:27 +0200] [1246] [INFO] Drive: 232:100
[2017-07-20 20:57:27 +0200] [1246] [INFO] Drive: 237:109
[2017-07-20 20:57:28 +0200] [1246] [INFO] Drive: 218:106
[2017-07-20 20:57:28 +0200] [1246] [INFO] Drive: 188:88
[2017-07-20 20:57:28 +0200] [1246] [INFO] Drive: 166:70
[2017-07-20 20:57:28 +0200] [1246] [INFO] Drive: 144:52
[2017-07-20 20:57:28 +0200] [1246] [INFO] Drive: 124:40
[2017-07-20 20:57:28 +0200] [1246] [INFO] Drive: 102:22
[2017-07-20 20:57:28 +0200] [1246] [INFO] Drive: 100:20
[2017-07-20 20:57:28 +0200] [1246] [INFO] Drive: 78:6
[2017-07-20 20:57:29 +0200] [1246] [INFO] Drive: 61:1
[2017-07-20 20:57:29 +0200] [1246] [INFO] Drive: 110:38
[2017-07-20 20:57:29 +0200] [1246] [INFO] Drive: 113:41
[2017-07-20 20:57:30 +0200] [1246] [INFO] Drive: 132:56
[2017-07-20 20:57:30 +0200] [1246] [INFO] Drive: 138:62
[2017-07-20 20:57:30 +0200] [1246] [INFO] Drive: 189:109
[2017-07-20 20:57:30 +0200] [1246] [INFO] Drive: 211:131
[2017-07-20 20:57:31 +0200] [1246] [INFO] Drive: 0:0
[2017-07-20 20:59:26 +0200] [1246] [INFO] Drive: 20:24
[2017-07-20 20:59:26 +0200] [1246] [INFO] Drive: 112:116
[2017-07-20 20:59:26 +0200] [1246] [INFO] Drive: 128:136
[2017-07-20 20:59:26 +0200] [1246] [INFO] Drive: 200:216
[2017-07-20 20:59:28 +0200] [1246] [INFO] Drive: 16:20
[2017-07-20 20:59:28 +0200] [1246] [INFO] Drive: 45:57
[2017-07-20 20:59:28 +0200] [1246] [INFO] Drive: 73:89
[2017-07-20 20:59:28 +0200] [1246] [INFO] Drive: 129:153
[2017-07-20 20:59:28 +0200] [1246] [INFO] Drive: 158:186
[2017-07-20 20:59:28 +0200] [1246] [INFO] Drive: 208:240
[2017-07-20 20:59:29 +0200] [1246] [INFO] Drive: 32:31
[2017-07-20 20:59:29 +0200] [1246] [INFO] Drive: 72:72
[2017-07-20 20:59:30 +0200] [1246] [INFO] Drive: 100:100
[2017-07-20 20:59:30 +0200] [1246] [INFO] Drive: 172:172
[2017-07-20 20:59:30 +0200] [1246] [INFO] Drive: 216:220
[2017-07-20 20:59:34 +0200] [1246] [INFO] Drive: 25:17
[2017-07-20 20:59:34 +0200] [1246] [INFO] Drive: 78:58
[2017-07-20 20:59:34 +0200] [1246] [INFO] Drive: 111:83
[2017-07-20 20:59:34 +0200] [1246] [INFO] Drive: 179:143
[2017-07-20 20:59:34 +0200] [1246] [INFO] Drive: 207:171
[2017-07-20 20:59:34 +0200] [1246] [INFO] Drive: 234:198
[2017-07-20 20:59:36 +0200] [1246] [INFO] Drive: 0:0
[2017-07-20 20:59:36 +0200] [1246] [INFO] Drive: 108:112
[2017-07-20 20:59:37 +0200] [1246] [INFO] Drive: 0:0
[2017-07-20 21:01:13 +0200] [1246] [INFO] Drive: 0:0
[2017-07-20 21:01:13 +0200] [1246] [INFO] Drive: 44:40
[2017-07-20 21:01:13 +0200] [1246] [INFO] Drive: 52:44
[2017-07-20 21:01:13 +0200] [1246] [INFO] Drive: 92:84
[2017-07-20 21:01:13 +0200] [1246] [INFO] Drive: 104:92
[2017-07-20 21:01:13 +0200] [1246] [INFO] Drive: 148:136
[2017-07-20 21:01:15 +0200] [1246] [INFO] Drive: 36:36
[2017-07-20 21:01:15 +0200] [1246] [INFO] Drive: 88:84
[2017-07-20 21:01:15 +0200] [1246] [INFO] Drive: 180:168
[2017-07-20 21:01:15 +0200] [1246] [INFO] Drive: 204:188
[2017-07-20 21:01:16 +0200] [1246] [INFO] Drive: 0:0
[2017-07-20 21:01:16 +0200] [1246] [INFO] Drive: 0:0
[2017-07-20 21:01:17 +0200] [1246] [INFO] Drive: 68:44
[2017-07-20 21:01:17 +0200] [1246] [INFO] Drive: 106:82
[2017-07-20 21:03:34 +0200] [1246] [INFO] Drive: 0:0
[2017-07-20 21:03:34 +0200] [1246] [INFO] Drive: 58:42
[2017-07-20 21:03:34 +0200] [1246] [INFO] Drive: 92:64
[2017-07-20 21:03:34 +0200] [1246] [INFO] Drive: 180:124
[2017-07-20 21:03:34 +0200] [1246] [INFO] Drive: 227:171
[2017-07-20 21:03:34 +0200] [1246] [INFO] Drive: 0:0
[2017-07-20 21:03:35 +0200] [1246] [INFO] Drive: 0:0
[2017-07-20 21:03:36 +0200] [1246] [INFO] Drive: 24:28
[2017-07-20 21:03:36 +0200] [1246] [INFO] Drive: 68:64
[2017-07-20 21:03:36 +0200] [1246] [INFO] Drive: 88:76
[2017-07-20 21:03:36 +0200] [1246] [INFO] Drive: 138:114
[2017-07-20 21:03:36 +0200] [1246] [INFO] Drive: 207:167
[2017-07-20 21:04:00 +0200] [1246] [INFO] Drive: 20:16
[2017-07-20 21:04:00 +0200] [1246] [INFO] Drive: 109:93
[2017-07-20 21:04:00 +0200] [1246] [INFO] Drive: 169:149
[2017-07-20 21:04:00 +0200] [1246] [INFO] Drive: 190:162
[2017-07-20 21:04:00 +0200] [1246] [INFO] Drive: 197:169
[2017-07-20 21:04:01 +0200] [1246] [INFO] Drive: 163:131
[2017-07-20 21:04:01 +0200] [1246] [INFO] Drive: 77:61
[2017-07-20 21:04:01 +0200] [1246] [INFO] Drive: 16:12
[2017-07-20 21:05:25 +0200] [1246] [INFO] Drive: 0:0
[2017-07-20 21:05:25 +0200] [1246] [INFO] Drive: 24:20
[2017-07-20 21:05:25 +0200] [1246] [INFO] Drive: 76:64
[2017-07-20 21:05:25 +0200] [1246] [INFO] Drive: 134:110
[2017-07-20 21:05:25 +0200] [1246] [INFO] Drive: 159:127
[2017-07-20 21:05:26 +0200] [1246] [INFO] Drive: 213:149
[2017-07-20 21:05:26 +0200] [1246] [INFO] Drive: 189:129
[2017-07-20 21:05:26 +0200] [1246] [INFO] Drive: 165:109
[2017-07-20 21:05:26 +0200] [1246] [INFO] Drive: 136:88
[2017-07-20 21:05:26 +0200] [1246] [INFO] Drive: 116:72
[2017-07-20 21:05:26 +0200] [1246] [INFO] Drive: 96:56
[2017-07-20 21:05:26 +0200] [1246] [INFO] Drive: 84:48
[2017-07-20 21:05:26 +0200] [1246] [INFO] Drive: 68:35
[2017-07-20 21:05:26 +0200] [1246] [INFO] Drive: 59:31
[2017-07-20 21:05:26 +0200] [1246] [INFO] Drive: 42:14
[2017-07-20 21:05:27 +0200] [1246] [INFO] Drive: 0:16
[2017-07-20 21:05:27 +0200] [1246] [INFO] Drive: 108:112
[2017-07-20 21:05:27 +0200] [1246] [INFO] Drive: 132:136
[2017-07-20 21:05:27 +0200] [1246] [INFO] Drive: 156:160
[2017-07-20 21:05:27 +0200] [1246] [INFO] Drive: 192:196
[2017-07-20 21:05:28 +0200] [1246] [INFO] Drive: 204:224
[2017-07-20 21:05:28 +0200] [1246] [INFO] Drive: 157:177
[2017-07-20 21:05:28 +0200] [1246] [INFO] Drive: 133:153
[2017-07-20 21:05:28 +0200] [1246] [INFO] Drive: 105:125
[2017-07-20 21:05:29 +0200] [1246] [INFO] Drive: 49:61
[2017-07-20 21:05:29 +0200] [1246] [INFO] Drive: 25:37
[2017-07-20 21:05:29 +0200] [1246] [INFO] Drive: 0:8
[2017-07-20 21:05:29 +0200] [1246] [INFO] Drive: -100:-100
[2017-07-20 21:05:30 +0200] [1246] [INFO] Drive: 22:6
[2017-07-20 21:05:30 +0200] [1246] [INFO] Drive: 39:23
[2017-07-20 21:05:30 +0200] [1246] [INFO] Drive: 44:24
[2017-07-20 21:05:30 +0200] [1246] [INFO] Drive: 87:63
[2017-07-20 21:05:30 +0200] [1246] [INFO] Drive: 91:67
[2017-07-20 21:05:30 +0200] [1246] [INFO] Drive: 0:0
[2017-07-20 21:09:48 +0200] [1246] [INFO] Drive: 37:25
[2017-07-20 21:09:48 +0200] [1246] [INFO] Drive: 62:46
[2017-07-20 21:09:50 +0200] [1246] [INFO] Drive: 85:69
[2017-07-20 21:09:51 +0200] [1246] [INFO] Drive: 118:94
[2017-07-20 21:09:53 +0200] [1246] [INFO] Drive: 126:102
[2017-07-20 21:09:53 +0200] [1246] [INFO] Drive: 142:114
[2017-07-20 21:09:54 +0200] [1246] [INFO] Drive: 240:199
[2017-07-20 21:09:55 +0200] [1246] [INFO] Drive: 231:159
[2017-07-20 21:09:55 +0200] [1246] [INFO] Drive: 215:147
[2017-07-20 21:09:55 +0200] [1246] [INFO] Drive: 151:103
[2017-07-20 21:09:55 +0200] [1246] [INFO] Drive: 121:85
[2017-07-20 21:09:55 +0200] [1246] [INFO] Drive: 82:62
[2017-07-20 21:09:55 +0200] [1246] [INFO] Drive: 29:21
[2017-07-20 21:09:55 +0200] [1246] [INFO] Drive: 0:0
[2017-07-20 21:09:55 +0200] [1246] [INFO] Drive: -100:-100
[2017-07-20 21:09:57 +0200] [1246] [INFO] Drive: 0:12
[2017-07-20 21:09:58 +0200] [1246] [INFO] Drive: 60:56
[2017-07-20 21:09:58 +0200] [1246] [INFO] Drive: 64:60
[2017-07-20 21:09:59 +0200] [1246] [INFO] Drive: 132:116
[2017-07-20 21:09:59 +0200] [1246] [INFO] Drive: 145:125
[2017-07-20 21:09:59 +0200] [1246] [INFO] Drive: 157:137
[2017-07-20 21:09:59 +0200] [1246] [INFO] Drive: 210:178
[2017-07-20 21:10:00 +0200] [1246] [INFO] Drive: 0:0
[2017-07-20 21:10:20 +0200] [1246] [INFO] Drive: 61:49
[2017-07-20 21:10:20 +0200] [1246] [INFO] Drive: 76:64
[2017-07-20 21:10:20 +0200] [1246] [INFO] Drive: 130:106
[2017-07-20 21:10:21 +0200] [1246] [INFO] Drive: 154:126
[2017-07-20 21:10:21 +0200] [1246] [INFO] Drive: 171:139
[2017-07-20 21:10:21 +0200] [1246] [INFO] Drive: 201:141
[2017-07-20 21:10:21 +0200] [1246] [INFO] Drive: 144:84
[2017-07-20 21:10:21 +0200] [1246] [INFO] Drive: 91:35
[2017-07-20 21:10:21 +0200] [1246] [INFO] Drive: -100:-100
[2017-07-20 21:10:22 +0200] [1246] [INFO] Drive: 0:0
[2017-07-20 21:10:22 +0200] [1246] [INFO] Drive: 31:11
[2017-07-20 21:10:22 +0200] [1246] [INFO] Drive: 82:62
[2017-07-20 21:10:22 +0200] [1246] [INFO] Drive: 113:93
[2017-07-20 21:10:22 +0200] [1246] [INFO] Drive: 141:121
[2017-07-20 21:10:22 +0200] [1246] [INFO] Drive: 177:157
[2017-07-20 21:10:23 +0200] [1246] [INFO] Drive: 0:0
[2017-07-20 21:27:04 +0200] [1246] [INFO] Drive: 0:0
[2017-07-20 21:27:09 +0200] [1246] [INFO] Drive: 140:144
[2017-07-20 21:27:09 +0200] [1246] [INFO] Drive: 168:172
[2017-07-20 21:27:10 +0200] [1246] [INFO] Drive: 192:196
[2017-07-20 21:27:10 +0200] [1246] [INFO] Drive: 24:24
[2017-07-20 21:27:10 +0200] [1246] [INFO] Drive: 44:52
[2017-07-20 21:27:11 +0200] [1246] [INFO] Drive: 184:196
[2017-07-20 21:27:11 +0200] [1246] [INFO] Drive: 193:173
[2017-07-20 21:27:11 +0200] [1246] [INFO] Drive: 66:38
[2017-07-20 21:27:11 +0200] [1246] [INFO] Drive: -100:-100
[2017-07-20 21:27:12 +0200] [1246] [INFO] Drive: 0:0
[2017-07-20 21:27:12 +0200] [1246] [INFO] Drive: 24:24
[2017-07-20 21:27:14 +0200] [1246] [INFO] Drive: 48:52
[2017-07-20 21:27:14 +0200] [1246] [INFO] Drive: 100:108
[2017-07-20 21:27:14 +0200] [1246] [INFO] Drive: 144:152
[2017-07-20 21:27:15 +0200] [1246] [INFO] Drive: 168:180
[2017-07-20 21:27:16 +0200] [1246] [INFO] Drive: 0:0
[2017-07-20 21:27:16 +0200] [1246] [INFO] Drive: 16:20
[2017-07-20 21:27:17 +0200] [1246] [INFO] Drive: 93:109
[2017-07-20 21:27:17 +0200] [1246] [INFO] Drive: 145:165
[2017-07-20 21:27:17 +0200] [1246] [INFO] Drive: 200:220
[2017-07-20 21:27:17 +0200] [1246] [INFO] Drive: 221:240
[2017-07-20 21:27:18 +0200] [1246] [INFO] Drive: 0:0
[2017-07-20 21:27:19 +0200] [1246] [INFO] Drive: 0:0
[2017-07-20 21:27:19 +0200] [1246] [INFO] Drive: -100:-100
[2017-07-20 21:27:41 +0200] [1246] [INFO] Drive: 24:20
[2017-07-20 21:27:41 +0200] [1246] [INFO] Drive: 48:40
[2017-07-20 21:27:41 +0200] [1246] [INFO] Drive: 145:125
[2017-07-20 21:27:45 +0200] [1246] [INFO] Drive: 0:0
[2017-07-20 21:27:46 +0200] [1246] [INFO] Drive: -100:-100
[2017-07-20 21:27:51 +0200] [1246] [INFO] Drive: 40:40
[2017-07-20 21:27:51 +0200] [1246] [INFO] Drive: 72:68
[2017-07-20 21:27:52 +0200] [1246] [INFO] Drive: 96:92
[2017-07-20 21:27:52 +0200] [1246] [INFO] Drive: 148:144
[2017-07-20 21:28:00 +0200] [1246] [INFO] Drive: 0:0
[2017-07-20 21:28:00 +0200] [1246] [INFO] Drive: 36:36
[2017-07-20 21:28:00 +0200] [1246] [INFO] Drive: 116:112
[2017-07-20 21:28:01 +0200] [1246] [INFO] Drive: 144:136
[2017-07-20 21:28:01 +0200] [1246] [INFO] Drive: 168:160
[2017-07-20 21:28:03 +0200] [1246] [INFO] Drive: 0:0
[2017-07-20 21:28:03 +0200] [1246] [INFO] Drive: 0:0
[2017-07-20 21:28:04 +0200] [1246] [INFO] Drive: 0:0
[2017-07-20 21:28:06 +0200] [1246] [INFO] Drive: 128:116
[2017-07-20 21:28:06 +0200] [1246] [INFO] Drive: 204:184
[2017-07-20 21:28:07 +0200] [1246] [INFO] Drive: 240:213
[2017-07-20 21:28:07 +0200] [1246] [INFO] Drive: 0:0
[2017-07-20 21:28:07 +0200] [1246] [INFO] Drive: 0:0
[2017-07-20 21:28:31 +0200] [1246] [INFO] Drive: 104:92
[2017-07-20 21:28:33 +0200] [1246] [INFO] Drive: -100:-100
[2017-07-20 21:28:34 +0200] [1246] [INFO] Drive: 0:0
[2017-07-20 21:28:35 +0200] [1246] [INFO] Drive: 0:0
[2017-07-20 21:28:35 +0200] [1246] [INFO] Drive: 36:36
[2017-07-20 21:28:36 +0200] [1246] [INFO] Drive: 60:59
[2017-07-20 21:28:36 +0200] [1246] [INFO] Drive: 96:96
[2017-07-20 21:28:36 +0200] [1246] [INFO] Drive: 224:224
[2017-07-20 21:28:36 +0200] [1246] [INFO] Drive: 0:0
[2017-07-20 21:28:37 +0200] [1246] [INFO] Drive: 0:0
[2017-07-20 21:28:38 +0200] [1246] [INFO] Drive: 21:1
[2017-07-20 21:28:39 +0200] [1246] [INFO] Drive: 113:93
[2017-07-20 21:28:39 +0200] [1246] [INFO] Drive: 173:153
[2017-07-20 21:28:39 +0200] [1246] [INFO] Drive: 221:197
[2017-07-20 21:28:39 +0200] [1246] [INFO] Drive: 208:148
[2017-07-20 21:28:39 +0200] [1246] [INFO] Drive: 197:137
[2017-07-20 21:28:40 +0200] [1246] [INFO] Drive: 80:16
[2017-07-20 21:28:41 +0200] [1246] [INFO] Drive: 39:23
[2017-07-20 21:28:41 +0200] [1246] [INFO] Drive: 153:129
[2017-07-20 21:29:31 +0200] [1246] [INFO] Drive: 21:13
[2017-07-20 21:29:31 +0200] [1246] [INFO] Drive: 58:42
[2017-07-20 21:29:31 +0200] [1246] [INFO] Drive: 105:85
[2017-07-20 21:29:31 +0200] [1246] [INFO] Drive: 117:97
[2017-07-20 21:29:31 +0200] [1246] [INFO] Drive: 130:106
[2017-07-20 21:29:32 +0200] [1246] [INFO] Drive: 142:118
[2017-07-20 21:29:32 +0200] [1246] [INFO] Drive: 153:129
[2017-07-20 21:29:32 +0200] [1246] [INFO] Drive: 188:148
[2017-07-20 21:29:32 +0200] [1246] [INFO] Drive: 209:161
[2017-07-20 21:29:35 +0200] [1246] [INFO] Drive: 61:49
[2017-07-20 21:29:35 +0200] [1246] [INFO] Drive: 126:102
[2017-07-20 21:29:35 +0200] [1246] [INFO] Drive: 151:119
[2017-07-20 21:29:36 +0200] [1246] [INFO] Drive: 171:139
[2017-07-20 21:29:36 +0200] [1246] [INFO] Drive: 150:106
[2017-07-20 21:29:36 +0200] [1246] [INFO] Drive: 116:72
[2017-07-20 21:29:37 +0200] [1246] [INFO] Drive: 53:13
[2017-07-20 21:29:37 +0200] [1246] [INFO] Drive: 36:0
[2017-07-20 21:29:37 +0200] [1246] [INFO] Drive: -100:-100
[2017-07-20 21:29:39 +0200] [1246] [INFO] Drive: 88:88
[2017-07-20 21:29:39 +0200] [1246] [INFO] Drive: 116:112
[2017-07-20 21:29:39 +0200] [1246] [INFO] Drive: 184:172
[2017-07-20 21:29:39 +0200] [1246] [INFO] Drive: 240:220
[2017-07-20 21:29:39 +0200] [1246] [INFO] Drive: 240:220
[2017-07-20 21:29:40 +0200] [1246] [INFO] Drive: 0:0
[2017-07-20 21:31:18 +0200] [1246] [INFO] Drive: 0:0
[2017-07-20 21:31:18 +0200] [1246] [INFO] Drive: 101:81
[2017-07-20 21:31:18 +0200] [1246] [INFO] Drive: 166:138
[2017-07-20 21:31:19 +0200] [1246] [INFO] Drive: 190:158
[2017-07-20 21:31:19 +0200] [1246] [INFO] Drive: 215:179
[2017-07-20 21:31:19 +0200] [1246] [INFO] Drive: 0:0
[2017-07-20 21:31:19 +0200] [1246] [INFO] Drive: 0:0
[2017-07-20 21:31:19 +0200] [1246] [INFO] Drive: 20:16
[2017-07-20 21:31:20 +0200] [1246] [INFO] Drive: 44:40
[2017-07-20 21:31:20 +0200] [1246] [INFO] Drive: 80:76
[2017-07-20 21:31:20 +0200] [1246] [INFO] Drive: 112:108
[2017-07-20 21:31:20 +0200] [1246] [INFO] Drive: 168:164
[2017-07-20 21:31:20 +0200] [1246] [INFO] Drive: 0:0
[2017-07-20 21:31:22 +0200] [1246] [INFO] Drive: 0:0
[2017-07-20 21:31:23 +0200] [1246] [INFO] Drive: 0:0
[2017-07-20 21:31:23 +0200] [1246] [INFO] Drive: 92:104
[2017-07-20 21:31:23 +0200] [1246] [INFO] Drive: 206:238
[2017-07-20 21:31:23 +0200] [1246] [INFO] Drive: 226:240
[2017-07-20 21:31:25 +0200] [1246] [INFO] Drive: -100:-100
[2017-07-20 21:31:26 +0200] [1246] [INFO] Drive: 0:0
[2017-07-20 21:31:27 +0200] [1246] [INFO] Drive: 100:108
[2017-07-20 21:31:27 +0200] [1246] [INFO] Drive: 156:164
[2017-07-20 21:31:27 +0200] [1246] [INFO] Drive: 216:220
[2017-07-20 21:31:27 +0200] [1246] [INFO] Drive: 236:240
[2017-07-20 21:31:28 +0200] [1246] [INFO] Drive: 0:0
[2017-07-20 21:31:29 +0200] [1246] [INFO] Drive: -100:-100
[2017-07-20 21:31:29 +0200] [1246] [INFO] Drive: 80:52
[2017-07-20 21:31:30 +0200] [1246] [INFO] Drive: 107:79
[2017-07-20 21:31:30 +0200] [1246] [INFO] Drive: 159:127
[2017-07-20 21:31:30 +0200] [1246] [INFO] Drive: 182:150
[2017-07-20 21:31:30 +0200] [1246] [INFO] Drive: 206:174
[2017-07-20 21:31:30 +0200] [1246] [INFO] Drive: 234:202
[2017-07-20 21:31:31 +0200] [1246] [INFO] Drive: 0:0
[2017-07-20 21:31:34 +0200] [1246] [INFO] Drive: 0:0
[2017-07-20 21:31:34 +0200] [1246] [INFO] Drive: 20:16
[2017-07-20 21:31:34 +0200] [1246] [INFO] Drive: 48:44
[2017-07-20 21:31:35 +0200] [1246] [INFO] Drive: 72:64
[2017-07-20 21:31:35 +0200] [1246] [INFO] Drive: 88:80
[2017-07-20 21:31:35 +0200] [1246] [INFO] Drive: 104:96
[2017-07-20 21:31:35 +0200] [1246] [INFO] Drive: 228:212
[2017-07-20 21:31:36 +0200] [1246] [INFO] Drive: 0:0
[2017-07-20 21:32:16 +0200] [1246] [INFO] Drive: 0:0
[2017-07-20 21:32:16 +0200] [1246] [INFO] Drive: 24:24
[2017-07-20 21:32:16 +0200] [1246] [INFO] Drive: 92:88
[2017-07-20 21:32:17 +0200] [1246] [INFO] Drive: 120:116
[2017-07-20 21:32:17 +0200] [1246] [INFO] Drive: 172:160
[2017-07-20 21:32:17 +0200] [1246] [INFO] Drive: 200:188
[2017-07-20 21:32:17 +0200] [1246] [INFO] Drive: 224:208
[2017-07-20 21:32:17 +0200] [1246] [INFO] Drive: 0:0
[2017-07-20 21:32:18 +0200] [1246] [INFO] Drive: 0:0
[2017-07-20 21:32:20 +0200] [1246] [INFO] Drive: 24:24
[2017-07-20 21:32:20 +0200] [1246] [INFO] Drive: 40:44
[2017-07-20 21:32:20 +0200] [1246] [INFO] Drive: 96:104
[2017-07-20 21:32:21 +0200] [1246] [INFO] Drive: 148:156
[2017-07-20 21:32:21 +0200] [1246] [INFO] Drive: 204:208
[2017-07-20 21:32:22 +0200] [1246] [INFO] Drive: 0:0
[2017-07-20 21:32:23 +0200] [1246] [INFO] Drive: 48:44
[2017-07-20 21:32:23 +0200] [1246] [INFO] Drive: 68:60
[2017-07-20 21:32:23 +0200] [1246] [INFO] Drive: 72:64
[2017-07-20 21:32:23 +0200] [1246] [INFO] Drive: 88:76
[2017-07-20 21:32:24 +0200] [1246] [INFO] Drive: 134:106
[2017-07-20 21:32:24 +0200] [1246] [INFO] Drive: 171:135
[2017-07-20 21:32:24 +0200] [1246] [INFO] Drive: 193:149
[2017-07-20 21:32:24 +0200] [1246] [INFO] Drive: 0:0
[2017-07-20 21:32:27 +0200] [1246] [INFO] Drive: 0:0
[2017-07-20 21:32:29 +0200] [1246] [INFO] Drive: 21:13
[2017-07-20 21:32:29 +0200] [1246] [INFO] Drive: 41:29
[2017-07-20 21:32:30 +0200] [1246] [INFO] Drive: 62:46
[2017-07-20 21:32:30 +0200] [1246] [INFO] Drive: 82:62
[2017-07-20 21:32:30 +0200] [1246] [INFO] Drive: 110:86
[2017-07-20 21:32:30 +0200] [1246] [INFO] Drive: 134:106
[2017-07-20 21:32:30 +0200] [1246] [INFO] Drive: 167:131
[2017-07-20 21:32:30 +0200] [1246] [INFO] Drive: 217:169
[2017-07-20 21:32:31 +0200] [1246] [INFO] Drive: 0:0
[2017-07-20 21:32:35 +0200] [1246] [INFO] Drive: 25:17
[2017-07-20 21:32:35 +0200] [1246] [INFO] Drive: 69:57
[2017-07-20 21:32:35 +0200] [1246] [INFO] Drive: 89:73
[2017-07-20 21:32:36 +0200] [1246] [INFO] Drive: 114:90
[2017-07-20 21:32:36 +0200] [1246] [INFO] Drive: 131:103
[2017-07-20 21:32:36 +0200] [1246] [INFO] Drive: 152:116
[2017-07-20 21:32:36 +0200] [1246] [INFO] Drive: 222:170
[2017-07-20 21:32:36 +0200] [1246] [INFO] Drive: 226:174
[2017-07-20 21:32:40 +0200] [1246] [INFO] Drive: 0:0
[2017-07-20 21:32:40 +0200] [1246] [INFO] Drive: 53:41
[2017-07-20 21:32:40 +0200] [1246] [INFO] Drive: 61:49
[2017-07-20 21:32:41 +0200] [1246] [INFO] Drive: 142:114
[2017-07-20 21:32:42 +0200] [1246] [INFO] Drive: 186:154
[2017-07-20 21:32:42 +0200] [1246] [INFO] Drive: 198:166
[2017-07-20 21:32:42 +0200] [1246] [INFO] Drive: 207:171
[2017-07-20 21:32:42 +0200] [1246] [INFO] Drive: 227:187
[2017-07-20 21:32:42 +0200] [1246] [INFO] Drive: 0:0
[2017-07-20 21:32:48 +0200] [1246] [INFO] Drive: 0:0
[2017-07-20 21:32:51 +0200] [1246] [INFO] Drive: 112:104
[2017-07-20 21:32:51 +0200] [1246] [INFO] Drive: 136:128
[2017-07-20 21:32:54 +0200] [1246] [INFO] Drive: 144:136
[2017-07-20 21:32:55 +0200] [1246] [INFO] Drive: 160:152
[2017-07-20 21:32:55 +0200] [1246] [INFO] Drive: 192:184
[2017-07-20 21:32:55 +0200] [1246] [INFO] Drive: 240:232
[2017-07-20 21:34:07 +0200] [1246] [INFO] Drive: 48:48
[2017-07-20 21:34:07 +0200] [1246] [INFO] Drive: 100:100
[2017-07-20 21:34:07 +0200] [1246] [INFO] Drive: 120:116
[2017-07-20 21:34:07 +0200] [1246] [INFO] Drive: 124:120
[2017-07-20 21:34:07 +0200] [1246] [INFO] Drive: 164:156
[2017-07-20 21:34:08 +0200] [1246] [INFO] Drive: 172:164
[2017-07-20 21:34:08 +0200] [1246] [INFO] Drive: 224:204
[2017-07-20 21:34:09 +0200] [1246] [INFO] Drive: 68:72
[2017-07-20 21:34:09 +0200] [1246] [INFO] Drive: 84:92
[2017-07-20 21:34:09 +0200] [1246] [INFO] Drive: 92:100
[2017-07-20 21:34:10 +0200] [1246] [INFO] Drive: 156:164
[2017-07-20 21:34:10 +0200] [1246] [INFO] Drive: 168:176
[2017-07-20 21:34:10 +0200] [1246] [INFO] Drive: 180:188
[2017-07-20 21:34:10 +0200] [1246] [INFO] Drive: 0:0
[2017-07-20 21:34:37 +0200] [1246] [INFO] Drive: 48:40
[2017-07-20 21:34:37 +0200] [1246] [INFO] Drive: 80:68
[2017-07-20 21:34:38 +0200] [1246] [INFO] Drive: 93:77
[2017-07-20 21:34:38 +0200] [1246] [INFO] Drive: 105:89
[2017-07-20 21:34:38 +0200] [1246] [INFO] Drive: 117:101
[2017-07-20 21:34:44 +0200] [1246] [INFO] Drive: 84:72
[2017-07-20 21:34:44 +0200] [1246] [INFO] Drive: 44:40
[2017-07-20 21:34:44 +0200] [1246] [INFO] Drive: 32:28
[2017-07-20 21:34:44 +0200] [1246] [INFO] Drive: 0:8
[2017-07-20 21:34:46 +0200] [1246] [INFO] Drive: 0:0
[2017-07-20 21:34:47 +0200] [1246] [INFO] Drive: -100:-100
[2017-07-20 21:34:53 +0200] [1246] [INFO] Drive: 0:0
[2017-07-20 21:34:53 +0200] [1246] [INFO] Drive: 96:96
[2017-07-20 21:34:54 +0200] [1246] [INFO] Drive: 204:204
[2017-07-20 21:34:54 +0200] [1246] [INFO] Drive: 236:235
[2017-07-20 21:34:57 +0200] [1246] [INFO] Drive: 0:0
[2017-07-20 21:34:57 +0200] [1246] [INFO] Drive: 84:84
[2017-07-20 21:34:57 +0200] [1246] [INFO] Drive: 164:160
[2017-07-20 21:34:58 +0200] [1246] [INFO] Drive: 188:184
[2017-07-20 21:34:58 +0200] [1246] [INFO] Drive: 228:220
[2017-07-20 21:34:59 +0200] [1246] [INFO] Drive: 0:0
[2017-07-20 21:38:41 +0200] [1246] [INFO] Drive: 76:84
[2017-07-20 21:38:41 +0200] [1246] [INFO] Drive: 136:148
[2017-07-20 21:38:41 +0200] [1246] [INFO] Drive: 184:196
[2017-07-20 21:38:43 +0200] [1246] [INFO] Drive: 0:0
[2017-07-20 21:38:46 +0200] [1246] [INFO] Drive: 0:0
[2017-07-20 21:38:48 +0200] [1246] [INFO] Drive: 0:0
[2017-07-20 21:38:48 +0200] [1246] [INFO] Drive: 124:123
[2017-07-20 21:38:48 +0200] [1246] [INFO] Drive: 172:172
[2017-07-20 21:38:48 +0200] [1246] [INFO] Drive: 224:220
[2017-07-20 21:38:49 +0200] [1246] [INFO] Drive: 0:0
[2017-07-20 21:38:55 +0200] [1246] [INFO] Drive: 0:0
[2017-07-20 21:38:55 +0200] [1246] [INFO] Drive: 28:28
[2017-07-20 21:38:55 +0200] [1246] [INFO] Drive: 124:128
[2017-07-20 21:38:56 +0200] [1246] [INFO] Drive: 0:0
[2017-07-20 21:38:58 +0200] [1246] [INFO] Drive: 32:24
[2017-07-20 21:38:58 +0200] [1246] [INFO] Drive: 65:53
[2017-07-20 21:38:59 +0200] [1246] [INFO] Drive: 101:81
[2017-07-20 21:38:59 +0200] [1246] [INFO] Drive: 126:102
[2017-07-20 21:38:59 +0200] [1246] [INFO] Drive: 150:122
[2017-07-20 21:38:59 +0200] [1246] [INFO] Drive: 219:179
[2017-07-20 21:39:00 +0200] [1246] [INFO] Drive: 240:181
[2017-07-20 21:39:56 +0200] [1246] [INFO] Drive: 20:24
[2017-07-20 21:39:56 +0200] [1246] [INFO] Drive: 40:44
[2017-07-20 21:39:56 +0200] [1246] [INFO] Drive: 48:52
[2017-07-20 21:39:56 +0200] [1246] [INFO] Drive: 64:68
[2017-07-20 21:39:57 +0200] [1246] [INFO] Drive: 76:80
[2017-07-20 21:39:57 +0200] [1246] [INFO] Drive: 108:112
[2017-07-20 21:39:57 +0200] [1246] [INFO] Drive: 116:124
[2017-07-20 21:39:57 +0200] [1246] [INFO] Drive: 0:0
[2017-07-20 21:40:44 +0200] [1246] [INFO] Drive: 20:24
[2017-07-20 21:40:45 +0200] [1246] [INFO] Drive: 124:132
[2017-07-20 21:40:45 +0200] [1246] [INFO] Drive: 172:180
[2017-07-20 21:40:48 +0200] [1246] [INFO] Drive: 200:204
[2017-07-20 21:40:54 +0200] [1246] [INFO] Drive: 36:32
[2017-07-20 21:40:55 +0200] [1246] [INFO] Drive: 0:0
[2017-07-20 21:41:00 +0200] [1246] [INFO] Drive: 0:0
[2017-07-20 21:41:01 +0200] [1246] [INFO] Drive: 52:48
[2017-07-20 21:41:01 +0200] [1246] [INFO] Drive: 149:129
[2017-07-20 21:41:01 +0200] [1246] [INFO] Drive: 173:149
[2017-07-20 21:41:01 +0200] [1246] [INFO] Drive: 182:154
[2017-07-20 21:41:02 +0200] [1246] [INFO] Drive: 194:166
[2017-07-20 21:41:17 +0200] [1246] [INFO] Drive: 0:0
[2017-07-20 21:41:17 +0200] [1246] [INFO] Drive: 0:0
[2017-07-20 21:42:30 +0200] [1246] [INFO] Drive: 88:92
[2017-07-20 21:42:30 +0200] [1246] [INFO] Drive: 0:0
[2017-07-20 21:42:32 +0200] [1246] [INFO] Drive: 0:0
[2017-07-20 21:43:04 +0200] [1246] [INFO] Drive: 0:0
[2017-07-20 21:43:04 +0200] [1246] [INFO] Drive: 82:62
[2017-07-20 21:43:04 +0200] [1246] [INFO] Drive: 110:86
[2017-07-20 21:43:04 +0200] [1246] [INFO] Drive: 173:129
[2017-07-20 21:43:07 +0200] [1246] [INFO] Drive: 0:0
[2017-07-20 21:43:10 +0200] [1246] [INFO] Drive: 0:0
[2017-07-20 21:43:10 +0200] [1246] [INFO] Drive: 32:31
[2017-07-20 21:43:10 +0200] [1246] [INFO] Drive: 56:56
[2017-07-20 21:43:11 +0200] [1246] [INFO] Drive: 104:104
[2017-07-20 21:43:15 +0200] [1246] [INFO] Drive: 164:156
[2017-07-20 21:43:15 +0200] [1246] [INFO] Drive: 0:0
[2017-07-20 21:43:16 +0200] [1246] [INFO] Drive: 153:133
[2017-07-20 21:43:16 +0200] [1246] [INFO] Drive: 169:145
[2017-07-20 21:43:16 +0200] [1246] [INFO] Drive: 173:149
[2017-07-20 21:43:17 +0200] [1246] [INFO] Drive: 194:162
[2017-07-20 21:43:17 +0200] [1246] [INFO] Drive: 198:166
[2017-07-20 21:43:17 +0200] [1246] [INFO] Drive: 0:0
[2017-07-20 21:43:17 +0200] [1246] [INFO] Drive: 0:0
[2017-07-20 21:43:18 +0200] [1246] [INFO] Drive: 0:0
[2017-07-20 21:43:18 +0200] [1246] [INFO] Drive: -100:-100
[2017-07-20 21:43:28 +0200] [1246] [INFO] Drive: 0:0
[2017-07-20 21:43:45 +0200] [1246] [INFO] Drive: 116:112
[2017-07-20 21:43:45 +0200] [1246] [INFO] Drive: 140:136
[2017-07-20 21:43:46 +0200] [1246] [INFO] Drive: -100:-100
[2017-07-20 21:43:48 +0200] [1246] [INFO] Drive: 0:0
[2017-07-20 21:43:48 +0200] [1246] [INFO] Drive: 129:109
[2017-07-20 21:43:48 +0200] [1246] [INFO] Drive: 170:142
[2017-07-20 21:43:51 +0200] [1246] [INFO] Drive: 30:2
[2017-07-20 21:43:51 +0200] [1246] [INFO] Drive: 52:24
[2017-07-20 21:43:51 +0200] [1246] [INFO] Drive: 82:50
[2017-07-20 21:43:52 +0200] [1246] [INFO] Drive: 164:128
[2017-07-20 21:43:52 +0200] [1246] [INFO] Drive: 184:144
[2017-07-20 21:43:52 +0200] [1246] [INFO] Drive: 188:148
[2017-07-20 21:43:52 +0200] [1246] [INFO] Drive: 163:115
[2017-07-20 21:43:53 +0200] [1246] [INFO] Drive: 102:50
[2017-07-20 21:43:55 +0200] [1246] [INFO] Drive: 0:0
[2017-07-20 21:43:56 +0200] [1246] [INFO] Drive: 186:138
[2017-07-20 21:43:56 +0200] [1246] [INFO] Drive: 227:171
[2017-07-20 21:43:57 +0200] [1246] [INFO] Drive: 0:0
[2017-07-20 21:43:58 +0200] [1246] [INFO] Drive: -100:-100
[2017-07-20 21:50:30 +0200] [1129] [INFO] Handling signal: term
[2017-07-20 21:50:30 +0200] [1246] [INFO] Worker exiting (pid: 1246)
[2017-07-20 21:50:30 +0200] [1129] [INFO] Shutting down: Master
